<?xml version="1.0" encoding="UTF-8"?>
<testsuite xmlns:xsi="http://www.w3.org/2001/XMLSchema-instance" xsi:noNamespaceSchemaLocation="https://maven.apache.org/surefire/maven-surefire-plugin/xsd/surefire-test-report.xsd" name="com.icicitech.AppTest" time="0.12" tests="1" errors="0" skipped="0" failures="0">
  <properties>
    <property name="sun.desktop" value="windows"/>
    <property name="awt.toolkit" value="sun.awt.windows.WToolkit"/>
    <property name="java.specification.version" value="11"/>
    <property name="sun.cpu.isalist" value="amd64"/>
    <property name="sun.jnu.encoding" value="Cp1252"/>
    <property name="java.class.path" value="C:\Users\Admin\webappicici\target\test-classes;C:\Users\Admin\webappicici\target\classes;C:\Users\Admin\.m2\repository\junit\junit\4.11\junit-4.11.jar;C:\Users\Admin\.m2\repository\org\hamcrest\hamcrest-core\1.3\hamcrest-core-1.3.jar;C:\Users\Admin\.m2\repository\org\webjars\npm\mysql\2.18.1\mysql-2.18.1.jar;C:\Users\Admin\.m2\repository\org\webjars\npm\bignumber.js\9.0.0\bignumber.js-9.0.0.jar;C:\Users\Admin\.m2\repository\org\webjars\npm\readable-stream\2.3.7\readable-stream-2.3.7.jar;C:\Users\Admin\.m2\repository\org\webjars\npm\core-util-is\1.0.3\core-util-is-1.0.3.jar;C:\Users\Admin\.m2\repository\org\webjars\npm\util-deprecate\1.0.2\util-deprecate-1.0.2.jar;C:\Users\Admin\.m2\repository\org\webjars\npm\inherits\2.0.4\inherits-2.0.4.jar;C:\Users\Admin\.m2\repository\org\webjars\npm\string_decoder\1.1.1\string_decoder-1.1.1.jar;C:\Users\Admin\.m2\repository\org\webjars\npm\process-nextick-args\2.0.1\process-nextick-args-2.0.1.jar;C:\Users\Admin\.m2\repository\org\webjars\npm\isarray\1.0.0\isarray-1.0.0.jar;C:\Users\Admin\.m2\repository\org\webjars\npm\safe-buffer\5.1.2\safe-buffer-5.1.2.jar;C:\Users\Admin\.m2\repository\org\webjars\npm\sqlstring\2.3.1\sqlstring-2.3.1.jar;C:\Users\Admin\.m2\repository\org\webjars\angular-google-maps\2.3.2\angular-google-maps-2.3.2.jar;C:\Users\Admin\.m2\repository\org\webjars\angularjs\1.2.22\angularjs-1.2.22.jar;C:\Users\Admin\.m2\repository\org\webjars\lodash\2.4.1-6\lodash-2.4.1-6.jar;"/>
    <property name="java.vm.vendor" value="Oracle Corporation"/>
    <property name="sun.arch.data.model" value="64"/>
    <property name="user.variant" value=""/>
    <property name="java.vendor.url" value="http://java.oracle.com/"/>
    <property name="user.timezone" value="Asia/Calcutta"/>
    <property name="java.vm.specification.version" value="11"/>
    <property name="os.name" value="Windows 10"/>
    <property name="sun.java.launcher" value="SUN_STANDARD"/>
    <property name="user.country" value="US"/>
    <property name="sun.boot.library.path" value="C:\Program Files (x86)\Common Files\Java\jdk-11.0.0.1\bin"/>
    <property name="sun.java.command" value="C:\Users\Admin\AppData\Local\Temp\surefire15695843671447445176\surefirebooter17878353625479271273.jar C:\Users\Admin\AppData\Local\Temp\surefire15695843671447445176 2023-07-02T22-34-23_408-jvmRun1 surefire5591198161404081096tmp surefire_012609556653182192217tmp"/>
    <property name="jdk.debug" value="release"/>
    <property name="surefire.test.class.path" value="C:\Users\Admin\webappicici\target\test-classes;C:\Users\Admin\webappicici\target\classes;C:\Users\Admin\.m2\repository\junit\junit\4.11\junit-4.11.jar;C:\Users\Admin\.m2\repository\org\hamcrest\hamcrest-core\1.3\hamcrest-core-1.3.jar;C:\Users\Admin\.m2\repository\org\webjars\npm\mysql\2.18.1\mysql-2.18.1.jar;C:\Users\Admin\.m2\repository\org\webjars\npm\bignumber.js\9.0.0\bignumber.js-9.0.0.jar;C:\Users\Admin\.m2\repository\org\webjars\npm\readable-stream\2.3.7\readable-stream-2.3.7.jar;C:\Users\Admin\.m2\repository\org\webjars\npm\core-util-is\1.0.3\core-util-is-1.0.3.jar;C:\Users\Admin\.m2\repository\org\webjars\npm\util-deprecate\1.0.2\util-deprecate-1.0.2.jar;C:\Users\Admin\.m2\repository\org\webjars\npm\inherits\2.0.4\inherits-2.0.4.jar;C:\Users\Admin\.m2\repository\org\webjars\npm\string_decoder\1.1.1\string_decoder-1.1.1.jar;C:\Users\Admin\.m2\repository\org\webjars\npm\process-nextick-args\2.0.1\process-nextick-args-2.0.1.jar;C:\Users\Admin\.m2\repository\org\webjars\npm\isarray\1.0.0\isarray-1.0.0.jar;C:\Users\Admin\.m2\repository\org\webjars\npm\safe-buffer\5.1.2\safe-buffer-5.1.2.jar;C:\Users\Admin\.m2\repository\org\webjars\npm\sqlstring\2.3.1\sqlstring-2.3.1.jar;C:\Users\Admin\.m2\repository\org\webjars\angular-google-maps\2.3.2\angular-google-maps-2.3.2.jar;C:\Users\Admin\.m2\repository\org\webjars\angularjs\1.2.22\angularjs-1.2.22.jar;C:\Users\Admin\.m2\repository\org\webjars\lodash\2.4.1-6\lodash-2.4.1-6.jar;"/>
    <property name="sun.cpu.endian" value="little"/>
    <property name="user.home" value="C:\Users\Admin"/>
    <property name="user.language" value="en"/>
    <property name="java.specification.vendor" value="Oracle Corporation"/>
    <property name="java.version.date" value="2023-05-09"/>
    <property name="java.home" value="C:\Program Files (x86)\Common Files\Java\jdk-11.0.0.1"/>
    <property name="file.separator" value="\"/>
    <property name="basedir" value="C:\Users\Admin\webappicici"/>
    <property name="java.vm.compressedOopsMode" value="Zero based"/>
    <property name="line.separator" value="&#10;"/>
    <property name="java.specification.name" value="Java Platform API Specification"/>
    <property name="java.vm.specification.vendor" value="Oracle Corporation"/>
    <property name="java.awt.graphicsenv" value="sun.awt.Win32GraphicsEnvironment"/>
    <property name="surefire.real.class.path" value="C:\Users\Admin\AppData\Local\Temp\surefire15695843671447445176\surefirebooter17878353625479271273.jar"/>
    <property name="user.script" value=""/>
    <property name="sun.management.compiler" value="HotSpot 64-Bit Tiered Compilers"/>
    <property name="java.runtime.version" value="11.0.0.1+3-5"/>
    <property name="user.name" value="Admin"/>
    <property name="path.separator" value=";"/>
    <property name="os.version" value="10.0"/>
    <property name="java.runtime.name" value="OpenJDK Runtime Environment"/>
    <property name="file.encoding" value="Cp1252"/>
    <property name="java.vm.name" value="OpenJDK 64-Bit Server VM"/>
    <property name="java.vendor.version" value="18.9"/>
    <property name="localRepository" value="C:\Users\Admin\.m2\repository"/>
    <property name="java.vendor.url.bug" value="http://bugreport.java.com/bugreport/"/>
    <property name="java.io.tmpdir" value="C:\Users\Admin\AppData\Local\Temp\"/>
    <property name="java.version" value="11.0.0.1"/>
    <property name="user.dir" value="C:\Users\Admin\webappicici"/>
    <property name="os.arch" value="amd64"/>
    <property name="java.vm.specification.name" value="Java Virtual Machine Specification"/>
    <property name="java.awt.printerjob" value="sun.awt.windows.WPrinterJob"/>
    <property name="sun.os.patch.level" value=""/>
    <property name="java.library.path" value="C:\Program Files (x86)\Common Files\Java\jdk-11.0.0.1\bin;C:\Windows\Sun\Java\bin;C:\Windows\system32;C:\Windows;C:\Program Files (x86)\Java\jre-1.8\bin;C:\Windows\system32;C:\Windows;C:\Windows\System32\Wbem;C:\Windows\System32\WindowsPowerShell\v1.0\;C:\Windows\System32\OpenSSH\;C:\Program Files\Microsoft SQL Server\150\Tools\Binn\;C:\Program Files\Git\cmd;C:\Program Files\Microsoft SQL Server\130\Tools\Binn\;C:\Program Files\Microsoft SQL Server\Client SDK\ODBC\170\Tools\Binn\;D:\JENKINSHOME;C:\Users\Admin\Downloads\elasticsearch-8.7.1-windows-x86_64\elasticsearch-8.7.1\bin;C:\Users\Admin\Downloads\kibana-8.7.1-windows-x86_64\kibana-8.7.1\bin;C:\Users\Admin\Downloads\logstash-8.7.1-windows-x86_64\logstash-8.7.1\bin;C:\Program Files (x86)\Common Files\Java\jdk-11.0.0.1\bin;C:\Users\Admin\Downloads\apache-maven-3.9.3-bin\apache-maven-3.9.3\bin;C:\Users\Admin\AppData\Local\Microsoft\WindowsApps;."/>
    <property name="java.vendor" value="Oracle Corporation"/>
    <property name="java.vm.info" value="mixed mode"/>
    <property name="java.vm.version" value="11.0.0.1+3-5"/>
    <property name="java.specification.maintenance.version" value="2"/>
    <property name="sun.io.unicode.encoding" value="UnicodeLittle"/>
    <property name="java.class.version" value="55.0"/>
  </properties>
  <testcase name="shouldAnswerWithTrue" classname="com.icicitech.AppTest" time="0.004"/>
</testsuite>